\BOOKMARK [0][]{chapter.1}{\376\377\0001\000\040\215\050\160\271\217\320\122\250\133\146}{}% 1
\BOOKMARK [1][]{section.1.1}{\376\377\0001\000.\0001\000\040\170\156\133\232\215\050\160\271\217\320\122\250\166\204\145\271\154\325}{chapter.1}% 2
\BOOKMARK [1][]{section.1.2}{\376\377\0001\000.\0002\000\040\215\050\160\271\166\204\117\115\171\373\060\001\220\037\136\246\124\214\122\240\220\037\136\246}{chapter.1}% 3
\BOOKMARK [1][]{section.1.3}{\376\377\0001\000.\0003\000\040\127\006\124\150\217\320\122\250}{chapter.1}% 4
\BOOKMARK [1][]{section.1.4}{\376\377\0001\000.\0004\000\040\116\015\124\014\127\120\150\007\174\373\116\055\220\037\136\246\124\214\122\240\220\037\136\246\123\330\143\142\133\232\164\006}{chapter.1}% 5
\BOOKMARK [0][]{chapter.2}{\376\377\0002\000\040\162\133\230\177\217\320\122\250\133\232\137\213}{}% 6
\BOOKMARK [1][]{section.2.1}{\376\377\0002\000.\0001\000\040\162\133\230\177\217\320\122\250\133\232\137\213}{chapter.2}% 7
\BOOKMARK [1][]{section.2.2}{\376\377\0002\000.\0002\000\040\136\070\211\301\166\204\121\340\171\315\122\233}{chapter.2}% 8
\BOOKMARK [1][]{section.2.3}{\376\377\0002\000.\0003\000\040\162\133\230\177\217\320\122\250\133\232\137\213\166\204\220\002\165\050\203\003\126\364}{chapter.2}% 9
\BOOKMARK [1][]{section.2.4}{\376\377\0002\000.\0004\000\040\173\054\0001\153\041\117\134\116\032\220\350\122\006\116\140\230\230\137\122\176\263}{chapter.2}% 10
\BOOKMARK [0][]{chapter.3}{\376\377\0003\000\040\122\237\124\214\200\375}{}% 11
\BOOKMARK [1][]{section.3.1}{\376\377\0003\000.\0001\000\040\122\237}{chapter.3}% 12
\BOOKMARK [1][]{section.3.2}{\376\377\0003\000.\0002\000\040\121\340\171\315\136\070\211\301\122\233\166\204\122\237}{chapter.3}% 13
\BOOKMARK [1][]{section.3.3}{\376\377\0003\000.\0003\000\040\122\250\200\375\133\232\164\006}{chapter.3}% 14
\BOOKMARK [1][]{section.3.4}{\376\377\0003\000.\0004\000\040\122\277\200\375\000\040\000\040\147\072\150\260\200\375\133\210\140\122\133\232\137\213}{chapter.3}% 15
\BOOKMARK [1][]{section.3.5}{\376\377\0003\000.\0005\000\040\200\375\221\317\133\210\140\122\133\232\137\213}{chapter.3}% 16
\BOOKMARK [1][]{section.3.6}{\376\377\0003\000.\0006\000\040\173\054\0002\153\041\117\134\116\032\220\350\122\006\116\140\230\230\137\122\176\263}{chapter.3}% 17
\BOOKMARK [0][]{chapter.4}{\376\377\0004\000\040\121\262\221\317\124\214\122\250\221\317}{}% 18
\BOOKMARK [1][]{section.4.1}{\376\377\0004\000.\0001\000\040\122\250\221\317\133\232\164\006}{chapter.4}% 19
\BOOKMARK [1][]{section.4.2}{\376\377\0004\000.\0002\000\040\215\050\160\271\174\373\122\250\221\317\133\210\140\122\133\232\137\213}{chapter.4}% 20
\BOOKMARK [1][]{section.4.3}{\376\377\0004\000.\0003\000\040\215\050\137\303\217\320\122\250\133\232\164\006}{chapter.4}% 21
\BOOKMARK [1][]{section.4.4}{\376\377\0004\000.\0004\000\040\173\054\0003\153\041\117\134\116\032\220\350\122\006\230\230\166\356\137\122\176\263}{chapter.4}% 22
\BOOKMARK [0][]{chapter.5}{\376\377\0005\000\040\122\032\117\123\122\233\133\146\127\372\170\100\000\040\000\040\122\250\221\317\167\351}{}% 23
\BOOKMARK [1][]{section.5.1}{\376\377\0005\000.\0001\000\040\122\032\117\123\166\204\127\372\147\054\217\320\122\250}{chapter.5}% 24
\BOOKMARK [1][]{section.5.2}{\376\377\0005\000.\0002\000\040\122\032\117\123\176\325\133\232\217\164\217\154\122\250\137\256\122\006\145\271\172\013}{chapter.5}% 25
\BOOKMARK [1][]{section.5.3}{\376\377\0005\000.\0003\000\040\176\325\133\232\217\164\217\154\122\250\122\032\117\123\166\204\122\250\200\375\000\040\000\040\122\250\200\375\133\232\164\006}{chapter.5}% 26
\BOOKMARK [1][]{section.5.4}{\376\377\0005\000.\0004\000\040\122\250\221\317\167\351\124\214\122\250\221\317\167\351\133\210\140\122\133\232\137\213}{chapter.5}% 27
\BOOKMARK [1][]{section.5.5}{\376\377\0005\000.\0005\000\040\173\054\0004\153\041\117\134\116\032\220\350\122\006\230\230\166\356\137\122\176\263}{chapter.5}% 28
\BOOKMARK [0][]{chapter.6}{\376\377\0006\000\040\162\355\116\111\166\370\133\371\213\272\122\233\133\146\127\372\170\100}{}% 29
\BOOKMARK [1][]{section.6.1}{\376\377\0006\000.\0001\000\040\117\075\122\051\165\145\123\330\143\142}{chapter.6}% 30
\BOOKMARK [1][]{section.6.2}{\376\377\0006\000.\0002\000\040\155\033\117\046\121\171\123\330\143\142}{chapter.6}% 31
\BOOKMARK [1][]{section.6.3}{\376\377\0006\000.\0003\000\040\162\355\116\111\166\370\133\371\213\272\127\372\170\100}{chapter.6}% 32
\BOOKMARK [0][]{chapter.7}{\376\377\0007\000\040\165\065\127\072}{}% 33
\BOOKMARK [1][]{section.7.1}{\376\377\0007\000.\0001\000\040\116\016\165\065\127\072\147\011\121\163\166\204\151\202\137\365}{chapter.7}% 34
\BOOKMARK [1][]{section.7.2}{\376\377\0007\000.\0002\000\040\143\317\176\330\165\065\127\072\166\204\145\271\154\325}{chapter.7}% 35
\BOOKMARK [1][]{section.7.3}{\376\377\0007\000.\0003\000\040\227\131\165\065\127\072\116\055\166\204\133\374\117\123}{chapter.7}% 36
\BOOKMARK [1][]{section.7.4}{\376\377\0007\000.\0004\000\040\124\004\124\021\124\014\140\047\165\065\116\313\215\050}{chapter.7}% 37
\BOOKMARK [1][]{section.7.5}{\376\377\0007\000.\0005\000\040\227\131\165\065\127\072\166\204\200\375\221\317}{chapter.7}% 38
\BOOKMARK [0][]{chapter.8}{\376\377\0008\000\040\140\122\133\232\170\301\127\072}{}% 39
\BOOKMARK [1][]{section.8.1}{\376\377\0008\000.\0001\000\040\170\301\127\072\116\055\166\204\170\301\141\037\136\224\137\072\136\246}{chapter.8}% 40
\BOOKMARK [1][]{section.8.2}{\376\377\0008\000.\0002\000\040\153\325\131\145\040\024\204\050\154\325\134\024\133\232\137\213}{chapter.8}% 41
\BOOKMARK [1][]{section.8.3}{\376\377\0008\000.\0003\000\040\140\122\133\232\170\301\127\072\166\204\140\047\215\050}{chapter.8}% 42
\BOOKMARK [1][]{section.8.4}{\376\377\0008\000.\0004\000\040\170\301\127\072\133\371\217\320\122\250\165\065\203\167\166\204\117\134\165\050}{chapter.8}% 43
\BOOKMARK [1][]{section.8.5}{\376\377\0008\000.\0005\000\040\170\301\127\072\133\371\165\065\155\101\166\204\117\134\165\050}{chapter.8}% 44
\BOOKMARK [1][]{section.8.6}{\376\377\0008\000.\0006\000\040\170\301\127\072\116\055\166\204\170\301\116\313\215\050}{chapter.8}% 45
\BOOKMARK [0][]{chapter.9}{\376\377\0009\000\040\123\330\123\026\166\204\165\065\170\301\127\072}{}% 46
\BOOKMARK [1][]{section.9.1}{\376\377\0009\000.\0001\000\040\165\065\170\301\141\037\136\224\166\204\127\372\147\054\133\232\137\213}{chapter.9}% 47
\BOOKMARK [1][]{section.9.2}{\376\377\0009\000.\0002\000\040\122\250\165\037\165\065\122\250\122\277\124\214\141\037\165\037\165\065\122\250\122\277}{chapter.9}% 48
\BOOKMARK [1][]{section.9.3}{\376\377\0009\000.\0003\000\040\116\222\141\037\124\214\201\352\141\037}{chapter.9}% 49
\BOOKMARK [1][]{section.9.4}{\376\377\0009\000.\0004\000\040\170\301\127\072\200\375\221\317}{chapter.9}% 50
\BOOKMARK [1][]{section.9.5}{\376\377\0009\000.\0005\000\040\117\115\171\373\165\065\155\101}{chapter.9}% 51
\BOOKMARK [1][]{section.9.6}{\376\377\0009\000.\0006\000\040\236\246\121\113\145\257\227\346\145\271\172\013\176\304}{chapter.9}% 52
\BOOKMARK [0][]{section*.78}{\376\377\123\302\200\003\145\207\163\056}{}% 53
\BOOKMARK [0][]{appendix.A}{\376\377\000A\000\040\210\150\000:\000\040\136\070\211\301\122\032\117\123\166\204\217\154\122\250\140\357\221\317}{}% 54
